2021-07-08 17:54:04,029 [restartedMain] INFO  o.s.d.r.c.RepositoryConfigurationDelegate          : Bootstrapping Spring Data JPA repositories in DEFAULT mode. 
2021-07-08 17:54:04,403 [restartedMain] INFO  o.s.d.r.c.RepositoryConfigurationDelegate          : Finished Spring Data repository scanning in 349 ms. Found 1 JPA repository interfaces. 
2021-07-08 17:54:07,130 [restartedMain] INFO  o.s.b.w.embedded.tomcat.TomcatWebServer            : Tomcat initialized with port(s): 9090 (http) 
2021-07-08 17:54:07,331 [restartedMain] INFO  org.apache.catalina.core.StandardService           : Starting service [Tomcat] 
2021-07-08 17:54:07,332 [restartedMain] INFO  org.apache.catalina.core.StandardEngine            : Starting Servlet engine: [Apache Tomcat/9.0.48] 
2021-07-08 17:54:07,593 [restartedMain] INFO  o.a.c.c.C.[.[localhost].[/students]                : Initializing Spring embedded WebApplicationContext 
2021-07-08 17:54:07,593 [restartedMain] INFO  o.s.b.w.s.c.ServletWebServerApplicationContext     : Root WebApplicationContext: initialization completed in 9025 ms 
2021-07-08 17:54:08,781 [restartedMain] INFO  o.hibernate.jpa.internal.util.LogHelper            : HHH000204: Processing PersistenceUnitInfo [name: default] 
2021-07-08 17:54:08,911 [restartedMain] INFO  org.hibernate.Version                              : HHH000412: Hibernate ORM core version 5.4.32.Final 
2021-07-08 17:54:09,263 [restartedMain] INFO  org.hibernate.annotations.common.Version           : HCANN000001: Hibernate Commons Annotations {5.1.2.Final} 
2021-07-08 17:54:09,630 [restartedMain] INFO  com.zaxxer.hikari.HikariDataSource                 : HikariPool-1 - Starting... 
2021-07-08 17:54:10,131 [restartedMain] INFO  com.zaxxer.hikari.HikariDataSource                 : HikariPool-1 - Start completed. 
2021-07-08 17:54:10,219 [restartedMain] INFO  org.hibernate.dialect.Dialect                      : HHH000400: Using dialect: org.hibernate.dialect.MySQL55Dialect 
2021-07-08 17:54:11,741 [restartedMain] INFO  o.h.e.t.j.p.i.JtaPlatformInitiator                 : HHH000490: Using JtaPlatform implementation: [org.hibernate.engine.transaction.jta.platform.internal.NoJtaPlatform] 
2021-07-08 17:54:11,778 [restartedMain] INFO  o.s.o.j.LocalContainerEntityManagerFactoryBean     : Initialized JPA EntityManagerFactory for persistence unit 'default' 
2021-07-08 17:54:12,697 [restartedMain] WARN  o.s.b.a.o.j.JpaBaseConfiguration$JpaWebConfiguration : spring.jpa.open-in-view is enabled by default. Therefore, database queries may be performed during view rendering. Explicitly configure spring.jpa.open-in-view to disable this warning 
2021-07-08 17:54:13,107 [restartedMain] INFO  o.s.b.a.e.web.EndpointLinksResolver                : Exposing 14 endpoint(s) beneath base path '/actuator' 
2021-07-08 17:54:13,374 [restartedMain] INFO  o.s.b.d.a.OptionalLiveReloadServer                 : LiveReload server is running on port 35729 
2021-07-08 17:54:13,664 [restartedMain] INFO  o.s.b.w.embedded.tomcat.TomcatWebServer            : Tomcat started on port(s): 9090 (http) with context path '/students' 
2021-07-08 17:54:13,923 [restartedMain] INFO  c.e.s.SpringDataJpaUsingGradleApplication          : Started SpringDataJpaUsingGradleApplication in 16.663 seconds (JVM running for 17.169) 
