2021-07-11 00:36:55 [restartedMain] INFO  c.e.s.SpringDataJpaUsingGradleApplication - Starting SpringDataJpaUsingGradleApplication using Java 11.0.11 on LAPTOP-ALCCK1AQ with PID 13920 (C:\Users\himan\git\SpringBoot-JPA-using-Gradle\springDataJPAUsingGradle\bin\main started by local user in C:\Users\himan\git\SpringBoot-JPA-using-Gradle\springDataJPAUsingGradle)
2021-07-11 00:36:55 [restartedMain] DEBUG c.e.s.SpringDataJpaUsingGradleApplication - Running with Spring Boot v2.5.2, Spring v5.3.8
2021-07-11 00:36:55 [restartedMain] INFO  c.e.s.SpringDataJpaUsingGradleApplication - No active profile set, falling back to default profiles: default
2021-07-11 00:37:00 [restartedMain] INFO  c.e.s.SpringDataJpaUsingGradleApplication - Started SpringDataJpaUsingGradleApplication in 5.82 seconds (JVM running for 6.484)
2021-07-11 00:37:46 [http-nio-9090-exec-1] INFO  c.e.s.controller.StudentController - Calling get all students
2021-07-11 00:37:47 [http-nio-9090-exec-1] INFO  c.e.s.a.ExecutionTimeTrackerAdvice - Method name List com.example.springDataJPAUsingGradle.controller.StudentController.getStudents() time taken to execute 183
2021-07-11 00:40:06 [http-nio-9090-exec-4] INFO  c.e.s.controller.StudentController - Calling get student by Id
2021-07-11 00:42:02 [restartedMain] INFO  c.e.s.SpringDataJpaUsingGradleApplication - Starting SpringDataJpaUsingGradleApplication using Java 11.0.11 on LAPTOP-ALCCK1AQ with PID 13920 (C:\Users\himan\git\SpringBoot-JPA-using-Gradle\springDataJPAUsingGradle\bin\main started by local user in C:\Users\himan\git\SpringBoot-JPA-using-Gradle\springDataJPAUsingGradle)
2021-07-11 00:42:02 [restartedMain] DEBUG c.e.s.SpringDataJpaUsingGradleApplication - Running with Spring Boot v2.5.2, Spring v5.3.8
2021-07-11 00:42:02 [restartedMain] INFO  c.e.s.SpringDataJpaUsingGradleApplication - No active profile set, falling back to default profiles: default
2021-07-11 00:42:03 [restartedMain] INFO  c.e.s.SpringDataJpaUsingGradleApplication - Started SpringDataJpaUsingGradleApplication in 1.4 seconds (JVM running for 309.435)
2021-07-11 00:43:33 [restartedMain] INFO  c.e.s.SpringDataJpaUsingGradleApplication - Starting SpringDataJpaUsingGradleApplication using Java 11.0.11 on LAPTOP-ALCCK1AQ with PID 13920 (C:\Users\himan\git\SpringBoot-JPA-using-Gradle\springDataJPAUsingGradle\bin\main started by local user in C:\Users\himan\git\SpringBoot-JPA-using-Gradle\springDataJPAUsingGradle)
2021-07-11 00:43:33 [restartedMain] DEBUG c.e.s.SpringDataJpaUsingGradleApplication - Running with Spring Boot v2.5.2, Spring v5.3.8
2021-07-11 00:43:33 [restartedMain] INFO  c.e.s.SpringDataJpaUsingGradleApplication - No active profile set, falling back to default profiles: default
2021-07-11 00:43:34 [restartedMain] INFO  c.e.s.SpringDataJpaUsingGradleApplication - Started SpringDataJpaUsingGradleApplication in 1.207 seconds (JVM running for 400.376)
2021-07-11 00:43:50 [restartedMain] INFO  c.e.s.SpringDataJpaUsingGradleApplication - Starting SpringDataJpaUsingGradleApplication using Java 11.0.11 on LAPTOP-ALCCK1AQ with PID 13920 (C:\Users\himan\git\SpringBoot-JPA-using-Gradle\springDataJPAUsingGradle\bin\main started by local user in C:\Users\himan\git\SpringBoot-JPA-using-Gradle\springDataJPAUsingGradle)
2021-07-11 00:43:50 [restartedMain] DEBUG c.e.s.SpringDataJpaUsingGradleApplication - Running with Spring Boot v2.5.2, Spring v5.3.8
2021-07-11 00:43:50 [restartedMain] INFO  c.e.s.SpringDataJpaUsingGradleApplication - No active profile set, falling back to default profiles: default
2021-07-11 00:43:51 [restartedMain] INFO  c.e.s.SpringDataJpaUsingGradleApplication - Started SpringDataJpaUsingGradleApplication in 1.2 seconds (JVM running for 417.559)
2021-07-11 00:44:01 [http-nio-9090-exec-9] INFO  c.e.s.controller.StudentController - Calling get student by Id
2021-07-11 00:44:33 [restartedMain] INFO  c.e.s.SpringDataJpaUsingGradleApplication - Starting SpringDataJpaUsingGradleApplication using Java 11.0.11 on LAPTOP-ALCCK1AQ with PID 13920 (C:\Users\himan\git\SpringBoot-JPA-using-Gradle\springDataJPAUsingGradle\bin\main started by local user in C:\Users\himan\git\SpringBoot-JPA-using-Gradle\springDataJPAUsingGradle)
2021-07-11 00:44:33 [restartedMain] DEBUG c.e.s.SpringDataJpaUsingGradleApplication - Running with Spring Boot v2.5.2, Spring v5.3.8
2021-07-11 00:44:33 [restartedMain] INFO  c.e.s.SpringDataJpaUsingGradleApplication - No active profile set, falling back to default profiles: default
2021-07-11 00:44:34 [restartedMain] INFO  c.e.s.SpringDataJpaUsingGradleApplication - Started SpringDataJpaUsingGradleApplication in 1.093 seconds (JVM running for 460.232)
2021-07-11 00:45:06 [http-nio-9090-exec-1] INFO  c.e.s.controller.StudentController - Calling get student by Id
2021-07-11 00:45:32 [restartedMain] INFO  c.e.s.SpringDataJpaUsingGradleApplication - Starting SpringDataJpaUsingGradleApplication using Java 11.0.11 on LAPTOP-ALCCK1AQ with PID 13920 (C:\Users\himan\git\SpringBoot-JPA-using-Gradle\springDataJPAUsingGradle\bin\main started by local user in C:\Users\himan\git\SpringBoot-JPA-using-Gradle\springDataJPAUsingGradle)
2021-07-11 00:45:32 [restartedMain] DEBUG c.e.s.SpringDataJpaUsingGradleApplication - Running with Spring Boot v2.5.2, Spring v5.3.8
2021-07-11 00:45:32 [restartedMain] INFO  c.e.s.SpringDataJpaUsingGradleApplication - No active profile set, falling back to default profiles: default
2021-07-11 00:45:33 [restartedMain] INFO  c.e.s.SpringDataJpaUsingGradleApplication - Started SpringDataJpaUsingGradleApplication in 1.173 seconds (JVM running for 519.427)
2021-07-11 00:45:36 [http-nio-9090-exec-1] INFO  c.e.s.controller.StudentController - Calling get student by Id
2021-07-11 00:45:52 [restartedMain] INFO  c.e.s.SpringDataJpaUsingGradleApplication - Starting SpringDataJpaUsingGradleApplication using Java 11.0.11 on LAPTOP-ALCCK1AQ with PID 13920 (C:\Users\himan\git\SpringBoot-JPA-using-Gradle\springDataJPAUsingGradle\bin\main started by local user in C:\Users\himan\git\SpringBoot-JPA-using-Gradle\springDataJPAUsingGradle)
2021-07-11 00:45:52 [restartedMain] DEBUG c.e.s.SpringDataJpaUsingGradleApplication - Running with Spring Boot v2.5.2, Spring v5.3.8
2021-07-11 00:45:52 [restartedMain] INFO  c.e.s.SpringDataJpaUsingGradleApplication - No active profile set, falling back to default profiles: default
2021-07-11 00:45:54 [restartedMain] INFO  c.e.s.SpringDataJpaUsingGradleApplication - Started SpringDataJpaUsingGradleApplication in 1.099 seconds (JVM running for 539.585)
2021-07-11 00:45:57 [http-nio-9090-exec-1] INFO  c.e.s.controller.StudentController - Calling get student by Id
2021-07-11 00:46:01 [http-nio-9090-exec-2] INFO  c.e.s.controller.StudentController - Calling get student by Id
2021-07-11 00:55:30 [restartedMain] INFO  c.e.s.SpringDataJpaUsingGradleApplication - Starting SpringDataJpaUsingGradleApplication using Java 11.0.11 on LAPTOP-ALCCK1AQ with PID 13920 (C:\Users\himan\git\SpringBoot-JPA-using-Gradle\springDataJPAUsingGradle\bin\main started by local user in C:\Users\himan\git\SpringBoot-JPA-using-Gradle\springDataJPAUsingGradle)
2021-07-11 00:55:30 [restartedMain] DEBUG c.e.s.SpringDataJpaUsingGradleApplication - Running with Spring Boot v2.5.2, Spring v5.3.8
2021-07-11 00:55:30 [restartedMain] INFO  c.e.s.SpringDataJpaUsingGradleApplication - No active profile set, falling back to default profiles: default
2021-07-11 00:55:31 [restartedMain] INFO  c.e.s.SpringDataJpaUsingGradleApplication - Started SpringDataJpaUsingGradleApplication in 1.063 seconds (JVM running for 1117.388)
2021-07-11 00:55:53 [http-nio-9090-exec-1] INFO  c.e.s.controller.StudentController - Calling get student by Id
2021-07-11 00:57:58 [restartedMain] INFO  c.e.s.SpringDataJpaUsingGradleApplication - Starting SpringDataJpaUsingGradleApplication using Java 11.0.11 on LAPTOP-ALCCK1AQ with PID 13920 (C:\Users\himan\git\SpringBoot-JPA-using-Gradle\springDataJPAUsingGradle\bin\main started by local user in C:\Users\himan\git\SpringBoot-JPA-using-Gradle\springDataJPAUsingGradle)
2021-07-11 00:57:58 [restartedMain] DEBUG c.e.s.SpringDataJpaUsingGradleApplication - Running with Spring Boot v2.5.2, Spring v5.3.8
2021-07-11 00:57:58 [restartedMain] INFO  c.e.s.SpringDataJpaUsingGradleApplication - No active profile set, falling back to default profiles: default
2021-07-11 00:57:59 [restartedMain] INFO  c.e.s.SpringDataJpaUsingGradleApplication - Started SpringDataJpaUsingGradleApplication in 0.922 seconds (JVM running for 1265.076)
2021-07-11 01:06:46 [restartedMain] INFO  c.e.s.SpringDataJpaUsingGradleApplication - Starting SpringDataJpaUsingGradleApplication using Java 11.0.11 on LAPTOP-ALCCK1AQ with PID 13920 (C:\Users\himan\git\SpringBoot-JPA-using-Gradle\springDataJPAUsingGradle\bin\main started by local user in C:\Users\himan\git\SpringBoot-JPA-using-Gradle\springDataJPAUsingGradle)
2021-07-11 01:06:46 [restartedMain] DEBUG c.e.s.SpringDataJpaUsingGradleApplication - Running with Spring Boot v2.5.2, Spring v5.3.8
2021-07-11 01:06:46 [restartedMain] INFO  c.e.s.SpringDataJpaUsingGradleApplication - No active profile set, falling back to default profiles: default
2021-07-11 01:06:46 [restartedMain] INFO  c.e.s.SpringDataJpaUsingGradleApplication - Started SpringDataJpaUsingGradleApplication in 0.982 seconds (JVM running for 1789.52)
2021-07-11 01:07:08 [restartedMain] INFO  c.e.s.SpringDataJpaUsingGradleApplication - Starting SpringDataJpaUsingGradleApplication using Java 11.0.11 on LAPTOP-ALCCK1AQ with PID 13920 (C:\Users\himan\git\SpringBoot-JPA-using-Gradle\springDataJPAUsingGradle\bin\main started by local user in C:\Users\himan\git\SpringBoot-JPA-using-Gradle\springDataJPAUsingGradle)
2021-07-11 01:07:08 [restartedMain] DEBUG c.e.s.SpringDataJpaUsingGradleApplication - Running with Spring Boot v2.5.2, Spring v5.3.8
2021-07-11 01:07:08 [restartedMain] INFO  c.e.s.SpringDataJpaUsingGradleApplication - No active profile set, falling back to default profiles: default
2021-07-11 01:07:08 [restartedMain] INFO  c.e.s.SpringDataJpaUsingGradleApplication - Started SpringDataJpaUsingGradleApplication in 0.893 seconds (JVM running for 1811.495)
2021-07-11 01:10:57 [restartedMain] INFO  c.e.s.SpringDataJpaUsingGradleApplication - Starting SpringDataJpaUsingGradleApplication using Java 11.0.11 on LAPTOP-ALCCK1AQ with PID 13920 (C:\Users\himan\git\SpringBoot-JPA-using-Gradle\springDataJPAUsingGradle\bin\main started by local user in C:\Users\himan\git\SpringBoot-JPA-using-Gradle\springDataJPAUsingGradle)
2021-07-11 01:10:57 [restartedMain] DEBUG c.e.s.SpringDataJpaUsingGradleApplication - Running with Spring Boot v2.5.2, Spring v5.3.8
2021-07-11 01:10:57 [restartedMain] INFO  c.e.s.SpringDataJpaUsingGradleApplication - No active profile set, falling back to default profiles: default
2021-07-11 01:10:58 [restartedMain] INFO  c.e.s.SpringDataJpaUsingGradleApplication - Started SpringDataJpaUsingGradleApplication in 0.921 seconds (JVM running for 2041.289)
2021-07-11 01:11:07 [http-nio-9090-exec-1] INFO  c.e.s.controller.StudentController - Calling get student by Id : 
